<?xml version="1.0" encoding="UTF-8"?>
<testsuites>
  <testsuite name="Project Test Suite" tests="24" assertions="110" failures="2" errors="0" time="30.187934">
    <testsuite name="AdEntify\CoreBundle\Tests\Controller\PhotosControllerTest" file="/Users/pierrickmartos/Projects/AdEntify/Sources/AdEntifyWebsite/src/AdEntify/CoreBundle/Tests/Controller/PhotosControllerTest.php" tests="2" assertions="9" failures="1" errors="0" time="12.579841">
      <testcase name="testCget" class="AdEntify\CoreBundle\Tests\Controller\PhotosControllerTest" file="/Users/pierrickmartos/Projects/AdEntify/Sources/AdEntifyWebsite/src/AdEntify/CoreBundle/Tests/Controller/PhotosControllerTest.php" line="52" assertions="8" time="12.148468"/>
      <testcase name="testGetAction" class="AdEntify\CoreBundle\Tests\Controller\PhotosControllerTest" file="/Users/pierrickmartos/Projects/AdEntify/Sources/AdEntifyWebsite/src/AdEntify/CoreBundle/Tests/Controller/PhotosControllerTest.php" line="63" assertions="1" time="0.431373">
        <failure type="PHPUnit_Framework_ExpectationFailedException">AdEntify\CoreBundle\Tests\Controller\PhotosControllerTest::testGetAction
Unexpected HTTP status code for GET api/v1/photos/464
Failed asserting that 403 matches expected 200.

/Users/pierrickmartos/Projects/AdEntify/Sources/AdEntifyWebsite/src/AdEntify/CoreBundle/Tests/EnhancedWebTestCase.php:20
/Users/pierrickmartos/Projects/AdEntify/Sources/AdEntifyWebsite/src/AdEntify/CoreBundle/Tests/EnhancedWebTestCase.php:63
/Users/pierrickmartos/Projects/AdEntify/Sources/AdEntifyWebsite/src/AdEntify/CoreBundle/Tests/Controller/PhotosControllerTest.php:69
</failure>
      </testcase>
    </testsuite>
    <testsuite name="AdEntify\CoreBundle\Tests\Controller\UserControllerTest" file="/Users/pierrickmartos/Projects/AdEntify/Sources/AdEntifyWebsite/src/AdEntify/CoreBundle/Tests/Controller/UserControllerTest.php" tests="21" assertions="100" failures="0" errors="0" time="16.478848">
      <testcase name="testGet" class="AdEntify\CoreBundle\Tests\Controller\UserControllerTest" file="/Users/pierrickmartos/Projects/AdEntify/Sources/AdEntifyWebsite/src/AdEntify/CoreBundle/Tests/Controller/UserControllerTest.php" line="26" assertions="3" time="0.748433"/>
      <testcase name="testGetCurrent" class="AdEntify\CoreBundle\Tests\Controller\UserControllerTest" file="/Users/pierrickmartos/Projects/AdEntify/Sources/AdEntifyWebsite/src/AdEntify/CoreBundle/Tests/Controller/UserControllerTest.php" line="32" assertions="3" time="0.472583"/>
      <testcase name="testGetPhotos" class="AdEntify\CoreBundle\Tests\Controller\UserControllerTest" file="/Users/pierrickmartos/Projects/AdEntify/Sources/AdEntifyWebsite/src/AdEntify/CoreBundle/Tests/Controller/UserControllerTest.php" line="39" assertions="7" time="2.529779"/>
      <testcase name="testGetFavorites" class="AdEntify\CoreBundle\Tests\Controller\UserControllerTest" file="/Users/pierrickmartos/Projects/AdEntify/Sources/AdEntifyWebsite/src/AdEntify/CoreBundle/Tests/Controller/UserControllerTest.php" line="51" assertions="3" time="0.683284"/>
      <testcase name="testGetSearch" class="AdEntify\CoreBundle\Tests\Controller\UserControllerTest" file="/Users/pierrickmartos/Projects/AdEntify/Sources/AdEntifyWebsite/src/AdEntify/CoreBundle/Tests/Controller/UserControllerTest.php" line="58" assertions="19" time="3.056098"/>
      <testcase name="testGetIsFollowed" class="AdEntify\CoreBundle\Tests\Controller\UserControllerTest" file="/Users/pierrickmartos/Projects/AdEntify/Sources/AdEntifyWebsite/src/AdEntify/CoreBundle/Tests/Controller/UserControllerTest.php" line="70" assertions="6" time="0.795131"/>
      <testcase name="testGetLikedPhotos" class="AdEntify\CoreBundle\Tests\Controller\UserControllerTest" file="/Users/pierrickmartos/Projects/AdEntify/Sources/AdEntifyWebsite/src/AdEntify/CoreBundle/Tests/Controller/UserControllerTest.php" line="78" assertions="7" time="1.179551"/>
      <testcase name="testGetHashtags" class="AdEntify\CoreBundle\Tests\Controller\UserControllerTest" file="/Users/pierrickmartos/Projects/AdEntify/Sources/AdEntifyWebsite/src/AdEntify/CoreBundle/Tests/Controller/UserControllerTest.php" line="86" assertions="7" time="0.588249"/>
      <testcase name="testGetNotifications" class="AdEntify\CoreBundle\Tests\Controller\UserControllerTest" file="/Users/pierrickmartos/Projects/AdEntify/Sources/AdEntifyWebsite/src/AdEntify/CoreBundle/Tests/Controller/UserControllerTest.php" line="94" assertions="3" time="0.471658"/>
      <testcase name="testGetFollowings" class="AdEntify\CoreBundle\Tests\Controller\UserControllerTest" file="/Users/pierrickmartos/Projects/AdEntify/Sources/AdEntifyWebsite/src/AdEntify/CoreBundle/Tests/Controller/UserControllerTest.php" line="101" assertions="4" time="0.524681"/>
      <testcase name="testGetFollowers" class="AdEntify\CoreBundle\Tests\Controller\UserControllerTest" file="/Users/pierrickmartos/Projects/AdEntify/Sources/AdEntifyWebsite/src/AdEntify/CoreBundle/Tests/Controller/UserControllerTest.php" line="109" assertions="4" time="0.435005"/>
      <testcase name="testGetTopFollowers" class="AdEntify\CoreBundle\Tests\Controller\UserControllerTest" file="/Users/pierrickmartos/Projects/AdEntify/Sources/AdEntifyWebsite/src/AdEntify/CoreBundle/Tests/Controller/UserControllerTest.php" line="117" assertions="3" time="0.474982"/>
      <testcase name="testGetTaskProgress" class="AdEntify\CoreBundle\Tests\Controller\UserControllerTest" file="/Users/pierrickmartos/Projects/AdEntify/Sources/AdEntifyWebsite/src/AdEntify/CoreBundle/Tests/Controller/UserControllerTest.php" line="123" assertions="3" time="0.429040"/>
      <testcase name="testGetBrands" class="AdEntify\CoreBundle\Tests\Controller\UserControllerTest" file="/Users/pierrickmartos/Projects/AdEntify/Sources/AdEntifyWebsite/src/AdEntify/CoreBundle/Tests/Controller/UserControllerTest.php" line="130" assertions="3" time="0.470717"/>
      <testcase name="testGetAnalytics" class="AdEntify\CoreBundle\Tests\Controller\UserControllerTest" file="/Users/pierrickmartos/Projects/AdEntify/Sources/AdEntifyWebsite/src/AdEntify/CoreBundle/Tests/Controller/UserControllerTest.php" line="138" assertions="3" time="0.429131"/>
      <testcase name="testGetPoints" class="AdEntify\CoreBundle\Tests\Controller\UserControllerTest" file="/Users/pierrickmartos/Projects/AdEntify/Sources/AdEntifyWebsite/src/AdEntify/CoreBundle/Tests/Controller/UserControllerTest.php" line="145" assertions="3" time="0.447131"/>
      <testcase name="testGetCreditsByDateRange" class="AdEntify\CoreBundle\Tests\Controller\UserControllerTest" file="/Users/pierrickmartos/Projects/AdEntify/Sources/AdEntifyWebsite/src/AdEntify/CoreBundle/Tests/Controller/UserControllerTest.php" line="152" assertions="3" time="0.465871"/>
      <testcase name="testGetDashboard" class="AdEntify\CoreBundle\Tests\Controller\UserControllerTest" file="/Users/pierrickmartos/Projects/AdEntify/Sources/AdEntifyWebsite/src/AdEntify/CoreBundle/Tests/Controller/UserControllerTest.php" line="159" assertions="3" time="0.412912"/>
      <testcase name="testGetCreditsByDate" class="AdEntify\CoreBundle\Tests\Controller\UserControllerTest" file="/Users/pierrickmartos/Projects/AdEntify/Sources/AdEntifyWebsite/src/AdEntify/CoreBundle/Tests/Controller/UserControllerTest.php" line="176" assertions="6" time="0.832416"/>
      <testcase name="testGetRewards" class="AdEntify\CoreBundle\Tests\Controller\UserControllerTest" file="/Users/pierrickmartos/Projects/AdEntify/Sources/AdEntifyWebsite/src/AdEntify/CoreBundle/Tests/Controller/UserControllerTest.php" line="184" assertions="4" time="0.587004"/>
      <testcase name="testGetActions" class="AdEntify\CoreBundle\Tests\Controller\UserControllerTest" file="/Users/pierrickmartos/Projects/AdEntify/Sources/AdEntifyWebsite/src/AdEntify/CoreBundle/Tests/Controller/UserControllerTest.php" line="191" assertions="3" time="0.445192"/>
    </testsuite>
    <testsuite name="AdEntify\DashboardBundle\Tests\Controller\DefaultControllerTest" file="/Users/pierrickmartos/Projects/AdEntify/Sources/AdEntifyWebsite/src/AdEntify/DashboardBundle/Tests/Controller/DefaultControllerTest.php" tests="1" assertions="1" failures="1" errors="0" time="1.129245">
      <testcase name="testIndex" class="AdEntify\DashboardBundle\Tests\Controller\DefaultControllerTest" file="/Users/pierrickmartos/Projects/AdEntify/Sources/AdEntifyWebsite/src/AdEntify/DashboardBundle/Tests/Controller/DefaultControllerTest.php" line="9" assertions="1" time="1.129245">
        <failure type="PHPUnit_Framework_ExpectationFailedException">AdEntify\DashboardBundle\Tests\Controller\DefaultControllerTest::testIndex
Failed asserting that false is true.

/Users/pierrickmartos/Projects/AdEntify/Sources/AdEntifyWebsite/src/AdEntify/DashboardBundle/Tests/Controller/DefaultControllerTest.php:15
</failure>
      </testcase>
    </testsuite>
  </testsuite>
</testsuites>
